C:\Users\dirga\AppData\Local\Programs\Python\Python312\Lib\site-packages\pytest_asyncio\plugin.py:208: PytestDeprecationWarning: The configuration option "asyncio_default_fixture_loop_scope" is unset.
============================= test session starts =============================
platform win32 -- Python 3.12.10, pytest-8.3.0, pluggy-1.6.0
rootdir: C:\Users\dirga\Documents\EA\AdaptiveSurvivalEA
collecting ... collected 303 items

============================= 303 passed in 0.97s =============================
